# JRE version: Java(TM) SE Runtime Environment (8.0_381) (build 1.8.0_381-b09)
# Java VM: Java HotSpot(TM) 64-Bit Server VM (25.381-b09 mixed mode windows-amd64 compressed oops)
Heap:
 PSYoungGen      total 4608K, used 3021K [0x000000076c600000, 0x000000076cf00000, 0x00000007c0000000)
  eden space 3072K, 98% used [0x000000076c600000,0x000000076c8f36b0,0x000000076c900000)
  from space 1536K, 0% used [0x000000076cd80000,0x000000076cd80000,0x000000076cf00000)
  to   space 512K, 0% used [0x000000076c900000,0x000000076c900000,0x000000076c980000)
 ParOldGen       total 9216K, used 5283K [0x00000006c5200000, 0x00000006c5b00000, 0x000000076c600000)
  object space 9216K, 57% used [0x00000006c5200000,0x00000006c5728cf8,0x00000006c5b00000)
 Metaspace       used 7785K, capacity 8276K, committed 8448K, reserved 1056768K
  class space    used 937K, capacity 976K, committed 1024K, reserved 1048576K
GC Heap History (10 events):
Event: 0.882 GC heap before
{Heap before GC invocations=2 (full 0):
 PSYoungGen      total 2048K, used 2032K [0x000000076c600000, 0x000000076ca00000, 0x00000007c0000000)
  eden space 1536K, 100% used [0x000000076c600000,0x000000076c780000,0x000000076c780000)
  from space 512K, 96% used [0x000000076c780000,0x000000076c7fc010,0x000000076c800000)
  to   space 512K, 0% used [0x000000076c980000,0x000000076c980000,0x000000076ca00000)
 ParOldGen       total 5632K, used 119K [0x00000006c5200000, 0x00000006c5780000, 0x000000076c600000)
  object space 5632K, 2% used [0x00000006c5200000,0x00000006c521dc60,0x00000006c5780000)
 Metaspace       used 4456K, capacity 5364K, committed 5504K, reserved 1056768K
  class space    used 518K, capacity 560K, committed 640K, reserved 1048576K
Event: 0.886 GC heap after
Heap after GC invocations=2 (full 0):
 PSYoungGen      total 3584K, used 496K [0x000000076c600000, 0x000000076ca00000, 0x00000007c0000000)
  eden space 3072K, 0% used [0x000000076c600000,0x000000076c600000,0x000000076c900000)
  from space 512K, 96% used [0x000000076c980000,0x000000076c9fc010,0x000000076ca00000)
  to   space 512K, 0% used [0x000000076c900000,0x000000076c900000,0x000000076c980000)
 ParOldGen       total 5632K, used 218K [0x00000006c5200000, 0x00000006c5780000, 0x000000076c600000)
  object space 5632K, 3% used [0x00000006c5200000,0x00000006c52368d0,0x00000006c5780000)
 Metaspace       used 4456K, capacity 5364K, committed 5504K, reserved 1056768K
  class space    used 518K, capacity 560K, committed 640K, reserved 1048576K
}
Event: 1.159 GC heap before
{Heap before GC invocations=3 (full 0):
 PSYoungGen      total 3584K, used 3545K [0x000000076c600000, 0x000000076ca00000, 0x00000007c0000000)
  eden space 3072K, 99% used [0x000000076c600000,0x000000076c8fa738,0x000000076c900000)
  from space 512K, 96% used [0x000000076c980000,0x000000076c9fc010,0x000000076ca00000)
  to   space 512K, 0% used [0x000000076c900000,0x000000076c900000,0x000000076c980000)
 ParOldGen       total 5632K, used 218K [0x00000006c5200000, 0x00000006c5780000, 0x000000076c600000)
  object space 5632K, 3% used [0x00000006c5200000,0x00000006c52368d0,0x00000006c5780000)
 Metaspace       used 5443K, capacity 6324K, committed 6656K, reserved 1056768K
  class space    used 657K, capacity 688K, committed 768K, reserved 1048576K
Event: 1.169 GC heap after
Heap after GC invocations=3 (full 0):
 PSYoungGen      total 3584K, used 495K [0x000000076c600000, 0x000000076ca00000, 0x00000007c0000000)
  eden space 3072K, 0% used [0x000000076c600000,0x000000076c600000,0x000000076c900000)
  from space 512K, 96% used [0x000000076c900000,0x000000076c97bc20,0x000000076c980000)
  to   space 512K, 0% used [0x000000076c980000,0x000000076c980000,0x000000076ca00000)
 ParOldGen       total 5632K, used 718K [0x00000006c5200000, 0x00000006c5780000, 0x000000076c600000)
  object space 5632K, 12% used [0x00000006c5200000,0x00000006c52b3900,0x00000006c5780000)
 Metaspace       used 5443K, capacity 6324K, committed 6656K, reserved 1056768K
  class space    used 657K, capacity 688K, committed 768K, reserved 1048576K
}
Event: 1.626 GC heap before
{Heap before GC invocations=4 (full 0):
 PSYoungGen      total 3584K, used 3567K [0x000000076c600000, 0x000000076ca00000, 0x00000007c0000000)
  eden space 3072K, 100% used [0x000000076c600000,0x000000076c900000,0x000000076c900000)
  from space 512K, 96% used [0x000000076c900000,0x000000076c97bc20,0x000000076c980000)
  to   space 512K, 0% used [0x000000076c980000,0x000000076c980000,0x000000076ca00000)
 ParOldGen       total 5632K, used 718K [0x00000006c5200000, 0x00000006c5780000, 0x000000076c600000)
  object space 5632K, 12% used [0x00000006c5200000,0x00000006c52b3900,0x00000006c5780000)
 Metaspace       used 6547K, capacity 7284K, committed 7552K, reserved 1056768K
  class space    used 807K, capacity 816K, committed 896K, reserved 1048576K
Event: 1.629 GC heap after
Heap after GC invocations=4 (full 0):
 PSYoungGen      total 3584K, used 496K [0x000000076c600000, 0x000000076cd00000, 0x00000007c0000000)
  eden space 3072K, 0% used [0x000000076c600000,0x000000076c600000,0x000000076c900000)
  from space 512K, 96% used [0x000000076c980000,0x000000076c9fc010,0x000000076ca00000)
  to   space 512K, 0% used [0x000000076c900000,0x000000076c900000,0x000000076c980000)
 ParOldGen       total 5632K, used 1070K [0x00000006c5200000, 0x00000006c5780000, 0x000000076c600000)
  object space 5632K, 19% used [0x00000006c5200000,0x00000006c530b910,0x00000006c5780000)
 Metaspace       used 6547K, capacity 7284K, committed 7552K, reserved 1056768K
  class space    used 807K, capacity 816K, committed 896K, reserved 1048576K
}
Event: 1.963 GC heap before
{Heap before GC invocations=5 (full 0):
 PSYoungGen      total 3584K, used 3568K [0x000000076c600000, 0x000000076cd00000, 0x00000007c0000000)
  eden space 3072K, 100% used [0x000000076c600000,0x000000076c900000,0x000000076c900000)
  from space 512K, 96% used [0x000000076c980000,0x000000076c9fc010,0x000000076ca00000)
  to   space 512K, 0% used [0x000000076c900000,0x000000076c900000,0x000000076c980000)
 ParOldGen       total 5632K, used 1070K [0x00000006c5200000, 0x00000006c5780000, 0x000000076c600000)
  object space 5632K, 19% used [0x00000006c5200000,0x00000006c530b910,0x00000006c5780000)
 Metaspace       used 7689K, capacity 8212K, committed 8448K, reserved 1056768K
  class space    used 930K, capacity 976K, committed 1024K, reserved 1048576K
Event: 1.972 GC heap after
Heap after GC invocations=5 (full 0):
 PSYoungGen      total 3584K, used 496K [0x000000076c600000, 0x000000076cf00000, 0x00000007c0000000)
  eden space 3072K, 0% used [0x000000076c600000,0x000000076c600000,0x000000076c900000)
  from space 512K, 96% used [0x000000076c900000,0x000000076c97c010,0x000000076c980000)
  to   space 1536K, 0% used [0x000000076cd80000,0x000000076cd80000,0x000000076cf00000)
 ParOldGen       total 5632K, used 1763K [0x00000006c5200000, 0x00000006c5780000, 0x000000076c600000)
  object space 5632K, 31% used [0x00000006c5200000,0x00000006c53b8cb0,0x00000006c5780000)
 Metaspace       used 7689K, capacity 8212K, committed 8448K, reserved 1056768K
  class space    used 930K, capacity 976K, committed 1024K, reserved 1048576K
}
Event: 2.033 GC heap before
{Heap before GC invocations=6 (full 0):
 PSYoungGen      total 3584K, used 3568K [0x000000076c600000, 0x000000076cf00000, 0x00000007c0000000)
  eden space 3072K, 100% used [0x000000076c600000,0x000000076c900000,0x000000076c900000)
  from space 512K, 96% used [0x000000076c900000,0x000000076c97c010,0x000000076c980000)
  to   space 1536K, 0% used [0x000000076cd80000,0x000000076cd80000,0x000000076cf00000)
 ParOldGen       total 5632K, used 1763K [0x00000006c5200000, 0x00000006c5780000, 0x000000076c600000)
  object space 5632K, 31% used [0x00000006c5200000,0x00000006c53b8cb0,0x00000006c5780000)
 Metaspace       used 7716K, capacity 8276K, committed 8448K, reserved 1056768K
  class space    used 932K, capacity 976K, committed 1024K, reserved 1048576K
Event: 2.048 GC heap after
Heap after GC invocations=6 (full 0):
 PSYoungGen      total 4608K, used 1524K [0x000000076c600000, 0x000000076cf00000, 0x00000007c0000000)
  eden space 3072K, 0% used [0x000000076c600000,0x000000076c600000,0x000000076c900000)
  from space 1536K, 99% used [0x000000076cd80000,0x000000076cefd288,0x000000076cf00000)
  to   space 512K, 0% used [0x000000076c900000,0x000000076c900000,0x000000076c980000)
 ParOldGen       total 5632K, used 3590K [0x00000006c5200000, 0x00000006c5780000, 0x000000076c600000)
  object space 5632K, 63% used [0x00000006c5200000,0x00000006c5581b10,0x00000006c5780000)
 Metaspace       used 7716K, capacity 8276K, committed 8448K, reserved 1056768K
  class space    used 932K, capacity 976K, committed 1024K, reserved 1048576K
}

