# JRE version: Java(TM) SE Runtime Environment (8.0_381) (build 1.8.0_381-b09)
# Java VM: Java HotSpot(TM) 64-Bit Server VM (25.381-b09 mixed mode windows-amd64 compressed oops)
Heap:
 PSYoungGen      total 6144K, used 3059K [0x000000076c600000, 0x000000076ce00000, 0x00000007c0000000)
  eden space 4096K, 64% used [0x000000076c600000,0x000000076c894d98,0x000000076ca00000)
  from space 2048K, 20% used [0x000000076cc00000,0x000000076cc68000,0x000000076ce00000)
  to   space 2048K, 0% used [0x000000076ca00000,0x000000076ca00000,0x000000076cc00000)
 ParOldGen       total 8192K, used 6435K [0x00000006c5200000, 0x00000006c5a00000, 0x000000076c600000)
  object space 8192K, 78% used [0x00000006c5200000,0x00000006c5848d60,0x00000006c5a00000)
 Metaspace       used 7906K, capacity 8404K, committed 8704K, reserved 1056768K
  class space    used 946K, capacity 976K, committed 1024K, reserved 1048576K
GC Heap History (10 events):
Event: 7.816 GC heap before
{Heap before GC invocations=10 (full 0):
 PSYoungGen      total 2560K, used 2292K [0x000000076c600000, 0x000000076cb00000, 0x00000007c0000000)
  eden space 1024K, 100% used [0x000000076c600000,0x000000076c700000,0x000000076c700000)
  from space 1536K, 82% used [0x000000076c700000,0x000000076c83d3c0,0x000000076c880000)
  to   space 1536K, 0% used [0x000000076c980000,0x000000076c980000,0x000000076cb00000)
 ParOldGen       total 5632K, used 3197K [0x00000006c5200000, 0x00000006c5780000, 0x000000076c600000)
  object space 5632K, 56% used [0x00000006c5200000,0x00000006c551f7a0,0x00000006c5780000)
 Metaspace       used 7690K, capacity 8212K, committed 8448K, reserved 1056768K
  class space    used 932K, capacity 976K, committed 1024K, reserved 1048576K
Event: 7.817 GC heap after
Heap after GC invocations=10 (full 0):
 PSYoungGen      total 3072K, used 1526K [0x000000076c600000, 0x000000076cc00000, 0x00000007c0000000)
  eden space 1536K, 0% used [0x000000076c600000,0x000000076c600000,0x000000076c780000)
  from space 1536K, 99% used [0x000000076c980000,0x000000076cafdba8,0x000000076cb00000)
  to   space 2048K, 0% used [0x000000076c780000,0x000000076c780000,0x000000076c980000)
 ParOldGen       total 5632K, used 3724K [0x00000006c5200000, 0x00000006c5780000, 0x000000076c600000)
  object space 5632K, 66% used [0x00000006c5200000,0x00000006c55a3090,0x00000006c5780000)
 Metaspace       used 7690K, capacity 8212K, committed 8448K, reserved 1056768K
  class space    used 932K, capacity 976K, committed 1024K, reserved 1048576K
}
Event: 7.832 GC heap before
{Heap before GC invocations=11 (full 0):
 PSYoungGen      total 3072K, used 3062K [0x000000076c600000, 0x000000076cc00000, 0x00000007c0000000)
  eden space 1536K, 100% used [0x000000076c600000,0x000000076c780000,0x000000076c780000)
  from space 1536K, 99% used [0x000000076c980000,0x000000076cafdba8,0x000000076cb00000)
  to   space 2048K, 0% used [0x000000076c780000,0x000000076c780000,0x000000076c980000)
 ParOldGen       total 5632K, used 3724K [0x00000006c5200000, 0x00000006c5780000, 0x000000076c600000)
  object space 5632K, 66% used [0x00000006c5200000,0x00000006c55a3090,0x00000006c5780000)
 Metaspace       used 7703K, capacity 8212K, committed 8448K, reserved 1056768K
  class space    used 933K, capacity 976K, committed 1024K, reserved 1048576K
Event: 7.834 GC heap after
Heap after GC invocations=11 (full 0):
 PSYoungGen      total 3584K, used 1250K [0x000000076c600000, 0x000000076cc80000, 0x00000007c0000000)
  eden space 1536K, 0% used [0x000000076c600000,0x000000076c600000,0x000000076c780000)
  from space 2048K, 61% used [0x000000076c780000,0x000000076c8b8910,0x000000076c980000)
  to   space 2048K, 0% used [0x000000076ca80000,0x000000076ca80000,0x000000076cc80000)
 ParOldGen       total 5632K, used 5240K [0x00000006c5200000, 0x00000006c5780000, 0x000000076c600000)
  object space 5632K, 93% used [0x00000006c5200000,0x00000006c571e0a0,0x00000006c5780000)
 Metaspace       used 7703K, capacity 8212K, committed 8448K, reserved 1056768K
  class space    used 933K, capacity 976K, committed 1024K, reserved 1048576K
}
Event: 7.834 GC heap before
{Heap before GC invocations=12 (full 1):
 PSYoungGen      total 3584K, used 1250K [0x000000076c600000, 0x000000076cc80000, 0x00000007c0000000)
  eden space 1536K, 0% used [0x000000076c600000,0x000000076c600000,0x000000076c780000)
  from space 2048K, 61% used [0x000000076c780000,0x000000076c8b8910,0x000000076c980000)
  to   space 2048K, 0% used [0x000000076ca80000,0x000000076ca80000,0x000000076cc80000)
 ParOldGen       total 5632K, used 5240K [0x00000006c5200000, 0x00000006c5780000, 0x000000076c600000)
  object space 5632K, 93% used [0x00000006c5200000,0x00000006c571e0a0,0x00000006c5780000)
 Metaspace       used 7703K, capacity 8212K, committed 8448K, reserved 1056768K
  class space    used 933K, capacity 976K, committed 1024K, reserved 1048576K
Event: 7.852 GC heap after
Heap after GC invocations=12 (full 1):
 PSYoungGen      total 3584K, used 0K [0x000000076c600000, 0x000000076cc80000, 0x00000007c0000000)
  eden space 1536K, 0% used [0x000000076c600000,0x000000076c600000,0x000000076c780000)
  from space 2048K, 0% used [0x000000076c780000,0x000000076c780000,0x000000076c980000)
  to   space 2048K, 0% used [0x000000076ca80000,0x000000076ca80000,0x000000076cc80000)
 ParOldGen       total 8192K, used 4480K [0x00000006c5200000, 0x00000006c5a00000, 0x000000076c600000)
  object space 8192K, 54% used [0x00000006c5200000,0x00000006c56602f0,0x00000006c5a00000)
 Metaspace       used 7703K, capacity 8212K, committed 8448K, reserved 1056768K
  class space    used 933K, capacity 976K, committed 1024K, reserved 1048576K
}
Event: 7.858 GC heap before
{Heap before GC invocations=13 (full 1):
 PSYoungGen      total 3584K, used 1536K [0x000000076c600000, 0x000000076cc80000, 0x00000007c0000000)
  eden space 1536K, 100% used [0x000000076c600000,0x000000076c780000,0x000000076c780000)
  from space 2048K, 0% used [0x000000076c780000,0x000000076c780000,0x000000076c980000)
  to   space 2048K, 0% used [0x000000076ca80000,0x000000076ca80000,0x000000076cc80000)
 ParOldGen       total 8192K, used 4480K [0x00000006c5200000, 0x00000006c5a00000, 0x000000076c600000)
  object space 8192K, 54% used [0x00000006c5200000,0x00000006c56602f0,0x00000006c5a00000)
 Metaspace       used 7704K, capacity 8212K, committed 8448K, reserved 1056768K
  class space    used 933K, capacity 976K, committed 1024K, reserved 1048576K
Event: 7.858 GC heap after
Heap after GC invocations=13 (full 1):
 PSYoungGen      total 4608K, used 1392K [0x000000076c600000, 0x000000076cc80000, 0x00000007c0000000)
  eden space 2560K, 0% used [0x000000076c600000,0x000000076c600000,0x000000076c880000)
  from space 2048K, 67% used [0x000000076ca80000,0x000000076cbdc240,0x000000076cc80000)
  to   space 2048K, 0% used [0x000000076c880000,0x000000076c880000,0x000000076ca80000)
 ParOldGen       total 8192K, used 4480K [0x00000006c5200000, 0x00000006c5a00000, 0x000000076c600000)
  object space 8192K, 54% used [0x00000006c5200000,0x00000006c56602f0,0x00000006c5a00000)
 Metaspace       used 7704K, capacity 8212K, committed 8448K, reserved 1056768K
  class space    used 933K, capacity 976K, committed 1024K, reserved 1048576K
}
Event: 7.885 GC heap before
{Heap before GC invocations=14 (full 1):
 PSYoungGen      total 4608K, used 3952K [0x000000076c600000, 0x000000076cc80000, 0x00000007c0000000)
  eden space 2560K, 100% used [0x000000076c600000,0x000000076c880000,0x000000076c880000)
  from space 2048K, 67% used [0x000000076ca80000,0x000000076cbdc240,0x000000076cc80000)
  to   space 2048K, 0% used [0x000000076c880000,0x000000076c880000,0x000000076ca80000)
 ParOldGen       total 8192K, used 4480K [0x00000006c5200000, 0x00000006c5a00000, 0x000000076c600000)
  object space 8192K, 54% used [0x00000006c5200000,0x00000006c56602f0,0x00000006c5a00000)
 Metaspace       used 7764K, capacity 8276K, committed 8448K, reserved 1056768K
  class space    used 938K, capacity 976K, committed 1024K, reserved 1048576K
Event: 7.886 GC heap after
Heap after GC invocations=14 (full 1):
 PSYoungGen      total 4608K, used 1337K [0x000000076c600000, 0x000000076ce00000, 0x00000007c0000000)
  eden space 2560K, 0% used [0x000000076c600000,0x000000076c600000,0x000000076c880000)
  from space 2048K, 65% used [0x000000076c880000,0x000000076c9ce488,0x000000076ca80000)
  to   space 2048K, 0% used [0x000000076cc00000,0x000000076cc00000,0x000000076ce00000)
 ParOldGen       total 8192K, used 5213K [0x00000006c5200000, 0x00000006c5a00000, 0x000000076c600000)
  object space 8192K, 63% used [0x00000006c5200000,0x00000006c5717790,0x00000006c5a00000)
 Metaspace       used 7764K, capacity 8276K, committed 8448K, reserved 1056768K
  class space    used 938K, capacity 976K, committed 1024K, reserved 1048576K
}

